app/build/intermediates/manifest_merge_blame_file/debug/manifest-merger-blame-debug-report.txt
1<?xml version="1.0" encoding="utf-8"?>
2<manifest xmlns:android="http://schemas.android.com/apk/res/android"
3    package="com.example.revision2"
4    android:versionCode="1"
5    android:versionName="1.0" >
6
7    <uses-sdk
8        android:minSdkVersion="21"
8-->src/main/AndroidManifest.xml
9        android:targetSdkVersion="32" />
9-->src/main/AndroidManifest.xml
10
11    <uses-permission android:name="android.permission.INTERNET" />
11-->src/main/AndroidManifest.xml:5:5-67
11-->src/main/AndroidManifest.xml:5:22-64
12    <uses-permission android:name="android.permission.READ_EXTERNAL_STORAGE" />
12-->src/main/AndroidManifest.xml:6:5-80
12-->src/main/AndroidManifest.xml:6:22-77
13    <uses-permission android:name="android.permission.ACCESS_NETWORK_STATE" />
13-->[com.google.firebase:firebase-auth:21.1.0] AndroidManifest.xml:24:5-79
13-->[com.google.firebase:firebase-auth:21.1.0] AndroidManifest.xml:24:22-76
14    <uses-permission android:name="android.permission.WAKE_LOCK" />
14-->[com.google.android.gms:play-services-measurement-api:21.2.0] AndroidManifest.xml:24:5-68
14-->[com.google.android.gms:play-services-measurement-api:21.2.0] AndroidManifest.xml:24:22-65
15    <uses-permission android:name="com.google.android.gms.permission.AD_ID" />
15-->[com.google.android.gms:play-services-measurement-api:21.2.0] AndroidManifest.xml:25:5-79
15-->[com.google.android.gms:play-services-measurement-api:21.2.0] AndroidManifest.xml:25:22-76
16    <uses-permission android:name="com.google.android.finsky.permission.BIND_GET_INSTALL_REFERRER_SERVICE" />
16-->[com.google.android.gms:play-services-measurement:21.2.0] AndroidManifest.xml:26:5-110
16-->[com.google.android.gms:play-services-measurement:21.2.0] AndroidManifest.xml:26:22-107
17
18    <application
18-->src/main/AndroidManifest.xml:8:5-41:19
19        android:allowBackup="true"
19-->src/main/AndroidManifest.xml:9:9-35
20        android:appComponentFactory="androidx.core.app.CoreComponentFactory"
20-->[androidx.core:core:1.7.0] AndroidManifest.xml:24:18-86
21        android:debuggable="true"
22        android:icon="@mipmap/ic_launcher"
22-->src/main/AndroidManifest.xml:10:9-43
23        android:label="@string/app_name"
23-->src/main/AndroidManifest.xml:11:9-41
24        android:roundIcon="@mipmap/ic_launcher_round"
24-->src/main/AndroidManifest.xml:12:9-54
25        android:supportsRtl="true"
25-->src/main/AndroidManifest.xml:13:9-35
26        android:theme="@style/Theme.Revision2" >
26-->src/main/AndroidManifest.xml:14:9-47
27        <activity
27-->src/main/AndroidManifest.xml:15:9-17:40
28            android:name="com.example.revision2.KotlinActivity"
28-->src/main/AndroidManifest.xml:16:13-43
29            android:exported="false" />
29-->src/main/AndroidManifest.xml:17:13-37
30        <activity
30-->src/main/AndroidManifest.xml:18:9-21:58
31            android:name="com.example.revision2.LoginActivity"
31-->src/main/AndroidManifest.xml:19:13-42
32            android:exported="false"
32-->src/main/AndroidManifest.xml:20:13-37
33            android:parentActivityName="com.example.revision2.MainActivity" />
33-->src/main/AndroidManifest.xml:21:13-55
34        <activity
34-->src/main/AndroidManifest.xml:22:9-25:58
35            android:name="com.example.revision2.RegisterActivity"
35-->src/main/AndroidManifest.xml:23:13-45
36            android:exported="false"
36-->src/main/AndroidManifest.xml:24:13-37
37            android:parentActivityName="com.example.revision2.MainActivity" />
37-->src/main/AndroidManifest.xml:25:13-55
38        <activity
38-->src/main/AndroidManifest.xml:26:9-28:40
39            android:name="com.example.revision2.DashboardActivity"
39-->src/main/AndroidManifest.xml:27:13-46
40            android:exported="false" />
40-->src/main/AndroidManifest.xml:28:13-37
41        <activity
41-->src/main/AndroidManifest.xml:29:9-31:40
42            android:name="com.example.revision2.ChatActivity"
42-->src/main/AndroidManifest.xml:30:13-41
43            android:exported="false" />
43-->src/main/AndroidManifest.xml:31:13-37
44        <activity
44-->src/main/AndroidManifest.xml:32:9-40:20
45            android:name="com.example.revision2.MainActivity"
45-->src/main/AndroidManifest.xml:33:13-41
46            android:exported="true" >
46-->src/main/AndroidManifest.xml:34:13-36
47            <intent-filter>
47-->src/main/AndroidManifest.xml:35:13-39:29
48                <action android:name="android.intent.action.MAIN" />
48-->src/main/AndroidManifest.xml:36:17-69
48-->src/main/AndroidManifest.xml:36:25-66
49
50                <category android:name="android.intent.category.LAUNCHER" />
50-->src/main/AndroidManifest.xml:38:17-77
50-->src/main/AndroidManifest.xml:38:27-74
51            </intent-filter>
52        </activity>
53        <activity
53-->[com.google.firebase:firebase-auth:21.1.0] AndroidManifest.xml:27:9-44:20
54            android:name="com.google.firebase.auth.internal.GenericIdpActivity"
54-->[com.google.firebase:firebase-auth:21.1.0] AndroidManifest.xml:28:13-80
55            android:excludeFromRecents="true"
55-->[com.google.firebase:firebase-auth:21.1.0] AndroidManifest.xml:29:13-46
56            android:exported="true"
56-->[com.google.firebase:firebase-auth:21.1.0] AndroidManifest.xml:30:13-36
57            android:launchMode="singleTask"
57-->[com.google.firebase:firebase-auth:21.1.0] AndroidManifest.xml:31:13-44
58            android:theme="@android:style/Theme.Translucent.NoTitleBar" >
58-->[com.google.firebase:firebase-auth:21.1.0] AndroidManifest.xml:32:13-72
59            <intent-filter>
59-->[com.google.firebase:firebase-auth:21.1.0] AndroidManifest.xml:33:13-43:29
60                <action android:name="android.intent.action.VIEW" />
60-->[com.google.firebase:firebase-auth:21.1.0] AndroidManifest.xml:34:17-69
60-->[com.google.firebase:firebase-auth:21.1.0] AndroidManifest.xml:34:25-66
61
62                <category android:name="android.intent.category.DEFAULT" />
62-->[com.google.firebase:firebase-auth:21.1.0] AndroidManifest.xml:36:17-76
62-->[com.google.firebase:firebase-auth:21.1.0] AndroidManifest.xml:36:27-73
63                <category android:name="android.intent.category.BROWSABLE" />
63-->[com.google.firebase:firebase-auth:21.1.0] AndroidManifest.xml:37:17-78
63-->[com.google.firebase:firebase-auth:21.1.0] AndroidManifest.xml:37:27-75
64
65                <data
65-->[com.google.firebase:firebase-auth:21.1.0] AndroidManifest.xml:39:17-42:51
66                    android:host="firebase.auth"
66-->[com.google.firebase:firebase-auth:21.1.0] AndroidManifest.xml:40:21-49
67                    android:path="/"
67-->[com.google.firebase:firebase-auth:21.1.0] AndroidManifest.xml:41:21-37
68                    android:scheme="genericidp" />
68-->[com.google.firebase:firebase-auth:21.1.0] AndroidManifest.xml:42:21-48
69            </intent-filter>
70        </activity>
71        <activity
71-->[com.google.firebase:firebase-auth:21.1.0] AndroidManifest.xml:45:9-62:20
72            android:name="com.google.firebase.auth.internal.RecaptchaActivity"
72-->[com.google.firebase:firebase-auth:21.1.0] AndroidManifest.xml:46:13-79
73            android:excludeFromRecents="true"
73-->[com.google.firebase:firebase-auth:21.1.0] AndroidManifest.xml:47:13-46
74            android:exported="true"
74-->[com.google.firebase:firebase-auth:21.1.0] AndroidManifest.xml:48:13-36
75            android:launchMode="singleTask"
75-->[com.google.firebase:firebase-auth:21.1.0] AndroidManifest.xml:49:13-44
76            android:theme="@android:style/Theme.Translucent.NoTitleBar" >
76-->[com.google.firebase:firebase-auth:21.1.0] AndroidManifest.xml:50:13-72
77            <intent-filter>
77-->[com.google.firebase:firebase-auth:21.1.0] AndroidManifest.xml:51:13-61:29
78                <action android:name="android.intent.action.VIEW" />
78-->[com.google.firebase:firebase-auth:21.1.0] AndroidManifest.xml:34:17-69
78-->[com.google.firebase:firebase-auth:21.1.0] AndroidManifest.xml:34:25-66
79
80                <category android:name="android.intent.category.DEFAULT" />
80-->[com.google.firebase:firebase-auth:21.1.0] AndroidManifest.xml:36:17-76
80-->[com.google.firebase:firebase-auth:21.1.0] AndroidManifest.xml:36:27-73
81                <category android:name="android.intent.category.BROWSABLE" />
81-->[com.google.firebase:firebase-auth:21.1.0] AndroidManifest.xml:37:17-78
81-->[com.google.firebase:firebase-auth:21.1.0] AndroidManifest.xml:37:27-75
82
83                <data
83-->[com.google.firebase:firebase-auth:21.1.0] AndroidManifest.xml:39:17-42:51
84                    android:host="firebase.auth"
84-->[com.google.firebase:firebase-auth:21.1.0] AndroidManifest.xml:40:21-49
85                    android:path="/"
85-->[com.google.firebase:firebase-auth:21.1.0] AndroidManifest.xml:41:21-37
86                    android:scheme="recaptcha" />
86-->[com.google.firebase:firebase-auth:21.1.0] AndroidManifest.xml:42:21-48
87            </intent-filter>
88        </activity>
89
90        <service
90-->[com.google.firebase:firebase-auth:21.1.0] AndroidManifest.xml:64:9-70:19
91            android:name="com.google.firebase.components.ComponentDiscoveryService"
91-->[com.google.firebase:firebase-auth:21.1.0] AndroidManifest.xml:65:13-84
92            android:directBootAware="true"
92-->[com.google.firebase:firebase-common:20.2.0] AndroidManifest.xml:34:13-43
93            android:exported="false" >
93-->[com.google.firebase:firebase-auth:21.1.0] AndroidManifest.xml:66:13-37
94            <meta-data
94-->[com.google.firebase:firebase-auth:21.1.0] AndroidManifest.xml:67:13-69:85
95                android:name="com.google.firebase.components:com.google.firebase.auth.FirebaseAuthRegistrar"
95-->[com.google.firebase:firebase-auth:21.1.0] AndroidManifest.xml:68:17-109
96                android:value="com.google.firebase.components.ComponentRegistrar" />
96-->[com.google.firebase:firebase-auth:21.1.0] AndroidManifest.xml:69:17-82
97            <meta-data
97-->[com.google.firebase:firebase-database:20.1.0] AndroidManifest.xml:31:13-33:85
98                android:name="com.google.firebase.components:com.google.firebase.database.DatabaseRegistrar"
98-->[com.google.firebase:firebase-database:20.1.0] AndroidManifest.xml:32:17-109
99                android:value="com.google.firebase.components.ComponentRegistrar" />
99-->[com.google.firebase:firebase-database:20.1.0] AndroidManifest.xml:33:17-82
100            <meta-data
100-->[com.google.firebase:firebase-storage:20.1.0] AndroidManifest.xml:32:13-34:85
101                android:name="com.google.firebase.components:com.google.firebase.storage.StorageRegistrar"
101-->[com.google.firebase:firebase-storage:20.1.0] AndroidManifest.xml:33:17-107
102                android:value="com.google.firebase.components.ComponentRegistrar" />
102-->[com.google.firebase:firebase-storage:20.1.0] AndroidManifest.xml:34:17-82
103            <meta-data
103-->[com.google.android.gms:play-services-measurement-api:21.2.0] AndroidManifest.xml:31:13-33:85
104                android:name="com.google.firebase.components:com.google.firebase.analytics.connector.internal.AnalyticsConnectorRegistrar"
104-->[com.google.android.gms:play-services-measurement-api:21.2.0] AndroidManifest.xml:32:17-139
105                android:value="com.google.firebase.components.ComponentRegistrar" />
105-->[com.google.android.gms:play-services-measurement-api:21.2.0] AndroidManifest.xml:33:17-82
106            <meta-data
106-->[com.google.firebase:firebase-installations:17.1.0] AndroidManifest.xml:17:13-19:85
107                android:name="com.google.firebase.components:com.google.firebase.installations.FirebaseInstallationsRegistrar"
107-->[com.google.firebase:firebase-installations:17.1.0] AndroidManifest.xml:18:17-127
108                android:value="com.google.firebase.components.ComponentRegistrar" />
108-->[com.google.firebase:firebase-installations:17.1.0] AndroidManifest.xml:19:17-82
109        </service>
110
111        <provider
111-->[com.google.firebase:firebase-common:20.2.0] AndroidManifest.xml:25:9-30:39
112            android:name="com.google.firebase.provider.FirebaseInitProvider"
112-->[com.google.firebase:firebase-common:20.2.0] AndroidManifest.xml:26:13-77
113            android:authorities="com.example.revision2.firebaseinitprovider"
113-->[com.google.firebase:firebase-common:20.2.0] AndroidManifest.xml:27:13-72
114            android:directBootAware="true"
114-->[com.google.firebase:firebase-common:20.2.0] AndroidManifest.xml:28:13-43
115            android:exported="false"
115-->[com.google.firebase:firebase-common:20.2.0] AndroidManifest.xml:29:13-37
116            android:initOrder="100" />
116-->[com.google.firebase:firebase-common:20.2.0] AndroidManifest.xml:30:13-36
117
118        <activity
118-->[com.google.android.gms:play-services-base:18.0.1] AndroidManifest.xml:20:9-22:45
119            android:name="com.google.android.gms.common.api.GoogleApiActivity"
119-->[com.google.android.gms:play-services-base:18.0.1] AndroidManifest.xml:20:19-85
120            android:exported="false"
120-->[com.google.android.gms:play-services-base:18.0.1] AndroidManifest.xml:22:19-43
121            android:theme="@android:style/Theme.Translucent.NoTitleBar" />
121-->[com.google.android.gms:play-services-base:18.0.1] AndroidManifest.xml:21:19-78
122
123        <receiver
123-->[com.google.android.gms:play-services-measurement:21.2.0] AndroidManifest.xml:29:9-33:20
124            android:name="com.google.android.gms.measurement.AppMeasurementReceiver"
124-->[com.google.android.gms:play-services-measurement:21.2.0] AndroidManifest.xml:30:13-85
125            android:enabled="true"
125-->[com.google.android.gms:play-services-measurement:21.2.0] AndroidManifest.xml:31:13-35
126            android:exported="false" >
126-->[com.google.android.gms:play-services-measurement:21.2.0] AndroidManifest.xml:32:13-37
127        </receiver>
128
129        <service
129-->[com.google.android.gms:play-services-measurement:21.2.0] AndroidManifest.xml:35:9-38:40
130            android:name="com.google.android.gms.measurement.AppMeasurementService"
130-->[com.google.android.gms:play-services-measurement:21.2.0] AndroidManifest.xml:36:13-84
131            android:enabled="true"
131-->[com.google.android.gms:play-services-measurement:21.2.0] AndroidManifest.xml:37:13-35
132            android:exported="false" />
132-->[com.google.android.gms:play-services-measurement:21.2.0] AndroidManifest.xml:38:13-37
133        <service
133-->[com.google.android.gms:play-services-measurement:21.2.0] AndroidManifest.xml:39:9-43:72
134            android:name="com.google.android.gms.measurement.AppMeasurementJobService"
134-->[com.google.android.gms:play-services-measurement:21.2.0] AndroidManifest.xml:40:13-87
135            android:enabled="true"
135-->[com.google.android.gms:play-services-measurement:21.2.0] AndroidManifest.xml:41:13-35
136            android:exported="false"
136-->[com.google.android.gms:play-services-measurement:21.2.0] AndroidManifest.xml:42:13-37
137            android:permission="android.permission.BIND_JOB_SERVICE" />
137-->[com.google.android.gms:play-services-measurement:21.2.0] AndroidManifest.xml:43:13-69
138
139        <meta-data
139-->[com.google.android.gms:play-services-basement:18.1.0] AndroidManifest.xml:21:9-23:69
140            android:name="com.google.android.gms.version"
140-->[com.google.android.gms:play-services-basement:18.1.0] AndroidManifest.xml:22:13-58
141            android:value="@integer/google_play_services_version" />
141-->[com.google.android.gms:play-services-basement:18.1.0] AndroidManifest.xml:23:13-66
142
143        <provider
143-->[com.squareup.picasso:picasso:2.8] AndroidManifest.xml:8:9-11:40
144            android:name="com.squareup.picasso.PicassoProvider"
144-->[com.squareup.picasso:picasso:2.8] AndroidManifest.xml:9:13-64
145            android:authorities="com.example.revision2.com.squareup.picasso"
145-->[com.squareup.picasso:picasso:2.8] AndroidManifest.xml:10:13-72
146            android:exported="false" />
146-->[com.squareup.picasso:picasso:2.8] AndroidManifest.xml:11:13-37
147
148        <service
148-->[androidx.room:room-runtime:2.4.2] AndroidManifest.xml:25:9-28:40
149            android:name="androidx.room.MultiInstanceInvalidationService"
149-->[androidx.room:room-runtime:2.4.2] AndroidManifest.xml:26:13-74
150            android:directBootAware="true"
150-->[androidx.room:room-runtime:2.4.2] AndroidManifest.xml:27:13-43
151            android:exported="false" />
151-->[androidx.room:room-runtime:2.4.2] AndroidManifest.xml:28:13-37
152
153        <provider
153-->[androidx.emoji2:emoji2:1.0.0] AndroidManifest.xml:26:9-34:20
154            android:name="androidx.startup.InitializationProvider"
154-->[androidx.emoji2:emoji2:1.0.0] AndroidManifest.xml:27:13-67
155            android:authorities="com.example.revision2.androidx-startup"
155-->[androidx.emoji2:emoji2:1.0.0] AndroidManifest.xml:28:13-68
156            android:exported="false" >
156-->[androidx.emoji2:emoji2:1.0.0] AndroidManifest.xml:29:13-37
157            <meta-data
157-->[androidx.emoji2:emoji2:1.0.0] AndroidManifest.xml:31:13-33:52
158                android:name="androidx.emoji2.text.EmojiCompatInitializer"
158-->[androidx.emoji2:emoji2:1.0.0] AndroidManifest.xml:32:17-75
159                android:value="androidx.startup" />
159-->[androidx.emoji2:emoji2:1.0.0] AndroidManifest.xml:33:17-49
160            <meta-data
160-->[androidx.lifecycle:lifecycle-process:2.4.0] AndroidManifest.xml:31:13-33:52
161                android:name="androidx.lifecycle.ProcessLifecycleInitializer"
161-->[androidx.lifecycle:lifecycle-process:2.4.0] AndroidManifest.xml:32:17-78
162                android:value="androidx.startup" />
162-->[androidx.lifecycle:lifecycle-process:2.4.0] AndroidManifest.xml:33:17-49
163        </provider>
164    </application>
165
166</manifest>